<?xml version="1.0" encoding="UTF-8"?>
<testng-results skipped="0" failed="0" ignored="0" total="1" passed="1">
  <reporter-output>
  </reporter-output>
  <suite name="Default suite" duration-ms="104397" started-at="2021-12-03T19:53:02 IST" finished-at="2021-12-03T19:54:46 IST">
    <groups>
    </groups>
    <test name="Default test" duration-ms="104397" started-at="2021-12-03T19:53:02 IST" finished-at="2021-12-03T19:54:46 IST">
      <class name="Resurrection_JAVAPGMS.Resurrection_JAVAPGMS.Add9Till99">
        <test-method status="PASS" signature="Test()[pri:0, instance:Resurrection_JAVAPGMS.Resurrection_JAVAPGMS.Add9Till99@557caf28]" name="Test" duration-ms="104291" started-at="2021-12-03T19:53:02 IST" finished-at="2021-12-03T19:54:46 IST">
          <reporter-output>
          </reporter-output>
        </test-method> <!-- Test -->
      </class> <!-- Resurrection_JAVAPGMS.Resurrection_JAVAPGMS.Add9Till99 -->
    </test> <!-- Default test -->
  </suite> <!-- Default suite -->
</testng-results>
